2022-12-13T15:01:58.582Z [referRouter.js] error: UID: 8fe07919-ea80-4e7f-93e3-2bb1ffe59b83 User already exists
2022-12-13T16:15:20.215Z [applicantRouter.js] error: UID: 1fa67476-1aa8-4953-a3dd-b1ed797ca2ea  Error message: 401 Access Denied
2022-12-13T16:15:50.809Z [applicantRouter.js] error: UID: dc742822-705f-4d56-8a2f-0c3475135417  Error message: 401 Access Denied
2022-12-13T16:15:58.644Z [applicantRouter.js] error: UID: 364818a0-e89b-4ed1-ba65-aa59b865a680  Error message: 401 Access Denied
2022-12-13T16:17:17.213Z [applicantRouter.js] error: UID: 96db87c1-47e8-42f8-980b-f91b0eb7a7d0  Error message: 401 Access Denied
2022-12-13T16:17:23.292Z [applicantRouter.js] error: UID: bca1a612-5cdd-4b1e-ae64-6f2aef6c0945  Error message: 401 Access Denied
2022-12-13T16:18:03.527Z [applicantRouter.js] error: UID: f213e617-2fe3-4b49-bc9c-82367bd63723  Error message: 401 Access Denied
2022-12-13T16:19:54.772Z [applicantRouter.js] error: UID: f7291bed-9839-47ee-8492-6e9c3aecc654  Error message: 401 Access Denied
2022-12-13T16:23:59.528Z [applicantRouter.js] error: UID: 02e32cb9-70b9-4b63-822a-46fc01c2da75  Error message: 401 Access Denied
2022-12-13T16:24:59.076Z [applicantRouter.js] error: UID: 1b2d8d44-33ce-450c-8c6b-b83e4330e392  Error message: 401 Access Denied
2022-12-13T16:27:00.520Z [referRouter.js] error: UID: 76b2ae60-c9db-4814-a1d1-49814d2a5412 User already exists
2022-12-13T16:29:05.353Z [applicantRouter.js] error: UID: 0f23dda5-f5c4-40cc-a30c-903cb27f99bc  Error message: 401 Access Denied
2022-12-13T16:29:05.363Z [applicantRouter.js] error: UID: 6180248f-b9df-4947-86e8-4040bdca903a  Error message: 401 Access Denied
2022-12-13T16:29:05.368Z [applicantRouter.js] error: UID: 94607b7d-55c9-4e3a-9a35-fc815e6c1292  Error message: 401 Access Denied
2022-12-13T16:29:13.375Z [applicantRouter.js] error: UID: ceeb244d-3127-4158-be8c-8b4937d2f70b  Error message: 401 Access Denied
2022-12-13T16:29:16.416Z [applicantRouter.js] error: UID: 87e738f4-0309-42cb-91bb-9b85dcfceb37  Error message: 401 Access Denied
2022-12-13T16:29:19.360Z [applicantRouter.js] error: UID: 3240624a-cb8c-496f-9bde-866fd71c2ed4  Error message: 401 Access Denied
2022-12-13T16:33:01.376Z [applicantRouter.js] error: UID: f765f6c2-a20b-4329-8d06-40514236ab1c  Error message: 401 Access Denied
2022-12-13T16:33:01.388Z [applicantRouter.js] error: UID: bc916367-91c5-4fa2-9605-b087e7e1b577  Error message: 401 Access Denied
2022-12-13T16:33:01.391Z [applicantRouter.js] error: UID: 4d059f73-6659-4d1c-a155-e4196fa0dc07  Error message: 401 Access Denied
2022-12-13T19:16:09.277Z [applicantRouter.js] error: UID: e9b89f9f-de4c-42da-bc4f-52f422bdcb61  Error message: 401 Access Denied
2022-12-13T19:16:09.289Z [applicantRouter.js] error: UID: acc3db65-2aee-4501-b6e8-70a122126e47  Error message: 401 Access Denied
2022-12-13T19:16:09.327Z [applicantRouter.js] error: UID: ba4d96bd-0ad5-41b4-8c79-9c153c44daf9  Error message: 401 Access Denied
2022-12-13T19:16:23.841Z [applicantRouter.js] error: UID: f74ab0b6-4897-4b96-90f1-530444cb8d19  Error message: 401 Access Denied
2022-12-13T19:16:23.844Z [applicantRouter.js] error: UID: 18a7a123-1f01-4e36-a7f1-8800b949c366  Error message: 401 Access Denied
2022-12-13T19:16:23.887Z [applicantRouter.js] error: UID: 2be332b3-165b-443e-97ba-5e4c967f013d  Error message: 401 Access Denied
2022-12-13T19:16:24.664Z [applicantRouter.js] error: UID: 81934d17-852c-4cd1-839f-3532ce4417b5  Error message: 401 Access Denied
2022-12-13T19:16:42.111Z [referRouter.js] error: UID: 050dbba9-e7e1-48f1-a8bd-f7316816afab User already exists
2022-12-14T14:51:08.237Z [referRouter.js] error: UID: 5eeb4d61-e186-48dc-872f-960975352c62 User already exists
2022-12-14T15:11:19.759Z [applicantRouter.js] error: UID: 5739af93-9754-4550-8ea2-923dd67d477c  Error message: 404 Object Not Found
2022-12-14T15:11:20.484Z [applicantRouter.js] error: UID: 7245a48a-4b51-4e84-8a00-14f088bee69d  Error message: 404 Object Not Found
2022-12-14T15:11:25.171Z [applicantRouter.js] error: UID: cfa54589-1bd0-490b-9068-7f97419ca63c  Error message: 404 Object Not Found
2022-12-14T15:37:46.911Z [referRouter.js] error: UID: 1eb249cf-9f54-4bb6-beb5-38a6444d41b4 User already exists
2022-12-14T15:42:10.525Z [referRouter.js] error: UID: 372da9e9-76c6-4658-9d54-bdaa8fc105d1 User already exists
2022-12-14T15:50:21.705Z [applicantRouter.js] error: UID: d62f1f8c-13e0-4a2d-944a-beaa1d753dd6  Error message: 404 Object Not Found
2022-12-14T15:50:22.706Z [applicantRouter.js] error: UID: a552cdac-8739-4b7a-8be6-8e564e037093  Error message: 404 Object Not Found
2022-12-14T15:50:23.684Z [applicantRouter.js] error: UID: 4dd767dc-0a94-4043-a93d-62c9a4b1277a  Error message: 404 Object Not Found
2022-12-14T15:52:28.333Z [referRouter.js] error: UID: ed8df852-f245-414b-a528-9cc8237d968f User already exists
2022-12-14T15:58:55.509Z [applicantRouter.js] error: UID: 7207b56d-36fc-41df-82e6-d37f6b396898  Error message: 404 Object Not Found
2022-12-14T15:59:27.928Z [applicantRouter.js] error: UID: 58fb018e-eff0-448c-9f42-22e5135e3c22  Error message: 404 Object Not Found
2022-12-14T16:03:57.168Z [applicantRouter.js] error: UID: 3f4c3e67-25a3-47ca-a8a6-0d35fedc1e08  Error message: 404 Object Not Found
2022-12-14T16:03:57.918Z [applicantRouter.js] error: UID: 516428f8-799b-4db4-934d-1d8115f6de77  Error message: 404 Object Not Found
2022-12-14T16:04:01.766Z [applicantRouter.js] error: UID: 6cd3f987-5636-46ac-88c3-95be67291f58  Error message: 401 Access Denied
2022-12-14T16:04:11.475Z [applicantRouter.js] error: UID: 25c89beb-7f54-4c63-a8ff-2ac814e3f61f  Error message: 401 Access Denied
2022-12-14T16:04:12.815Z [applicantRouter.js] error: UID: 7ab278eb-87ef-452c-941b-0d1797385b42  Error message: 401 Access Denied
2022-12-14T16:04:13.376Z [applicantRouter.js] error: UID: 77c453d0-5227-4ef4-af88-bba17080f832  Error message: 401 Access Denied
2022-12-14T16:04:28.007Z [applicantRouter.js] error: UID: 8006e9ee-b152-4a9c-b512-2ece98e4ae16  Error message: 404 Object Not Found
2022-12-14T16:04:30.085Z [applicantRouter.js] error: UID: 5d1903ea-8f90-4607-b707-086896669fce  Error message: 404 Object Not Found
2022-12-14T16:04:38.676Z [applicantRouter.js] error: UID: 8ee74259-fa3a-4067-8381-c6ae8fb6286e  Error message: 401 Access Denied
2022-12-14T16:07:37.171Z [referRouter.js] error: UID: 8cecdcae-5185-4e08-bba9-fcda8f908a66 User already exists
2022-12-14T16:08:21.467Z [applicantRouter.js] error: UID: f0248a0e-e429-4372-93e2-c98b2bb6bd98  Error message: 404 Object Not Found
2022-12-14T16:08:22.203Z [applicantRouter.js] error: UID: 945eff59-99c6-4bef-a037-e916051172fa  Error message: 404 Object Not Found
2022-12-14T16:08:25.136Z [applicantRouter.js] error: UID: e1927437-1f85-4b5a-a352-23837e6613cf  Error message: 404 Object Not Found
2022-12-14T16:11:06.693Z [applicantRouter.js] error: UID: 1617a2be-7d94-44d9-b075-b5bf8b94e494  Error message: 404 Object Not Found
2022-12-14T16:11:07.428Z [applicantRouter.js] error: UID: 00c27897-3964-450b-8842-f46a7c16cb33  Error message: 404 Object Not Found
2022-12-14T16:11:10.488Z [applicantRouter.js] error: UID: d33737da-a79f-4c49-8dbc-99dc4857d16a  Error message: 404 Object Not Found
2022-12-14T16:14:30.260Z [applicantRouter.js] error: UID: 9b4647b5-c9f7-4ccb-8ca7-660332c272ad  Error message: 404 Object Not Found
2022-12-14T16:14:31.027Z [applicantRouter.js] error: UID: 82cdb857-0305-4742-93d5-91c3c48d8b5d  Error message: 404 Object Not Found
2022-12-14T16:14:33.731Z [applicantRouter.js] error: UID: a2a9963a-5a15-4021-a0d7-402618619ea6  Error message: 404 Object Not Found
2022-12-14T16:20:38.614Z [applicantRouter.js] error: UID: 1e428392-f63b-457e-a5a4-de0897c57127  Error message: 404 Object Not Found
2022-12-14T16:20:39.372Z [applicantRouter.js] error: UID: 612c2ae6-d74b-41fd-ab0f-360cffd2f335  Error message: 404 Object Not Found
2022-12-14T16:20:43.969Z [applicantRouter.js] error: UID: 488dc7a6-870c-4be4-8828-a904ed4aac3a  Error message: 404 Object Not Found
2022-12-14T16:36:26.838Z [applicantRouter.js] error: UID: 9ff10024-5ab6-4fc9-abd0-fac982f178d6  Error message: 404 Object Not Found
2022-12-14T16:36:27.584Z [applicantRouter.js] error: UID: 9748742e-506a-47c1-b8de-da21778b5942  Error message: 404 Object Not Found
2022-12-14T16:36:44.655Z [applicantRouter.js] error: UID: b98cebf7-7fa6-4b2c-86bd-c90ce53dc715  Error message: 404 Object Not Found
2022-12-14T17:01:20.578Z [referRouter.js] error: UID: e69393f6-b0d1-4241-96ca-99bc7172c1f9 User already exists
2022-12-14T17:03:29.341Z [applicantRouter.js] error: UID: 5d1a5a8f-a961-4fb0-9e1f-5dcef12a75bd  Error message: 404 Object Not Found
2022-12-14T17:03:30.113Z [applicantRouter.js] error: UID: b405954b-0c14-4809-9ddf-8320f01e597d  Error message: 404 Object Not Found
2022-12-14T17:03:33.029Z [applicantRouter.js] error: UID: 5e89e71d-86e9-420b-9ff4-ca48d4bcad08  Error message: 404 Object Not Found
2022-12-14T17:38:40.281Z [referRouter.js] error: UID: 29ef6b59-3b1d-467a-a949-02feb3768ff8 User already exists
2022-12-14T18:41:58.916Z [referRouter.js] error: UID: 1a9fa058-24e9-4510-8ef5-7aab7011207f User already exists
2022-12-14T18:52:04.546Z [referRouter.js] error: UID: 38366970-99bc-4784-af93-cc5ad7f1f122 User already exists
2022-12-14T18:52:45.156Z [applicantRouter.js] error: UID: feb591ae-c9a0-4c5c-8288-f5e6cde5101c  Error message: 404 Object Not Found
2022-12-14T18:52:45.907Z [applicantRouter.js] error: UID: 8525b603-6aab-4f9f-98a5-bec2840aa31b  Error message: 404 Object Not Found
2022-12-14T18:53:38.145Z [applicantRouter.js] error: UID: a0bffe85-a572-48c6-8fd7-e0153a212e4c  Error message: 404 Object Not Found
2022-12-14T18:53:38.889Z [applicantRouter.js] error: UID: 1aad482c-ccc4-4269-b580-12489bff509a  Error message: 404 Object Not Found
2022-12-14T18:54:51.370Z [applicantRouter.js] error: UID: a52cba81-4156-4fa0-93c3-2bf4cdd2957a  Error message: 404 Object Not Found
2022-12-14T18:54:52.096Z [applicantRouter.js] error: UID: 064d10dd-c8c8-4e2a-a2df-d983b90a0901  Error message: 404 Object Not Found
2022-12-14T19:08:26.504Z [referRouter.js] error: UID: fd0bdee6-693d-4b77-b079-8e2c242a2a84 User already exists
2022-12-14T19:08:57.331Z [applicantRouter.js] error: UID: 49b85474-4549-42ad-a833-4ec59f2d1d20  Error message: 404 Object Not Found
2022-12-14T19:08:58.139Z [applicantRouter.js] error: UID: 4952cf0e-cb09-49d6-8672-e6be73b47bae  Error message: 404 Object Not Found
2022-12-14T19:54:56.929Z [referRouter.js] error: UID: 3e2a4f16-137a-4454-b73b-42e4909f5961 User already exists
2022-12-14T19:55:25.879Z [applicantRouter.js] error: UID: be7247c3-4d95-4783-b813-ebdc592496ad  Error message: 404 Object Not Found
2022-12-14T19:55:26.645Z [applicantRouter.js] error: UID: 54373254-a58e-4bc9-97be-99524dd3535d  Error message: 404 Object Not Found
2022-12-14T19:58:41.944Z [referRouter.js] error: UID: 8c5d55bf-d997-4702-8cf8-07b4558d43fa User already exists
2022-12-14T19:58:41.946Z [referRouter.js] error: UID: 52409b27-771f-40b7-838e-078a065582eb User already exists
2022-12-14T19:59:09.960Z [applicantRouter.js] error: UID: 8477144c-8f74-462a-857f-35257de7e1bb  Error message: 404 Object Not Found
2022-12-14T19:59:10.785Z [applicantRouter.js] error: UID: 7b9fc968-3a50-4148-a763-186dc3287e16  Error message: 404 Object Not Found
2022-12-14T20:00:14.843Z [referRouter.js] error: UID: dc8189ba-d1b5-4140-96b9-118ef4977702 User already exists
2022-12-14T20:00:40.618Z [applicantRouter.js] error: UID: e40d8ca8-1803-4364-9086-468ea3f8f0a0  Error message: 404 Object Not Found
2022-12-14T20:00:41.355Z [applicantRouter.js] error: UID: 8c105aef-e41e-4810-8c23-712efea1ac52  Error message: 404 Object Not Found
2022-12-14T20:03:43.039Z [referRouter.js] error: UID: a1e3abc5-684a-4b8e-b376-f033d2bc9628 User already exists
2022-12-14T20:04:08.390Z [applicantRouter.js] error: UID: 2ba0e95a-e1d0-4f83-90b4-da36b10d255c  Error message: 404 Object Not Found
2022-12-14T20:04:09.145Z [applicantRouter.js] error: UID: 76ea15bb-3b9c-46c4-a493-feac3816ed78  Error message: 404 Object Not Found
2022-12-14T20:08:23.907Z [applicantRouter.js] error: UID: 5d667676-599d-4173-850d-b150150ead07  Error message: 401 Access Denied
2022-12-14T20:08:24.724Z [applicantRouter.js] error: UID: 273d11eb-98cf-466f-93a4-b0dad94c7c8b  Error message: 401 Access Denied
2022-12-14T20:08:24.738Z [applicantRouter.js] error: UID: 9c1517cc-99c0-479b-9bd7-7138c7a48120  Error message: 401 Access Denied
2022-12-14T20:08:25.802Z [applicantRouter.js] error: UID: 90be66ed-b9e5-49b8-857c-4a496bf13b64  Error message: 404 Object Not Found
2022-12-14T20:08:27.460Z [applicantRouter.js] error: UID: 18db4e67-2e34-471b-8e41-ee4c366fdff5  Error message: 401 Access Denied
2022-12-14T20:08:28.445Z [applicantRouter.js] error: UID: ac6f1fb0-3a9e-4673-9c69-a86e612ea716  Error message: 401 Access Denied
2022-12-14T20:08:32.372Z [applicantRouter.js] error: UID: a94fa774-b926-41a9-b89f-829f88d4c34e  Error message: 404 Object Not Found
2022-12-14T20:10:52.067Z [applicantRouter.js] error: UID: 84e1a5a3-7760-4a86-bc09-bf24ede334e4  Error message: 401 Access Denied
2022-12-14T20:38:19.724Z [applicantRouter.js] error: UID: f354d91a-45de-455b-905f-a090c2a5f8b6  Error message: 404 Object Not Found
2022-12-14T20:38:20.454Z [applicantRouter.js] error: UID: 44cc0abe-6342-4b60-9902-5d64edc4bc3f  Error message: 404 Object Not Found
2022-12-14T20:38:43.649Z [applicantRouter.js] error: UID: 5861db3d-2382-4fa9-9110-db683718c637  Error message: 404 Object Not Found
2022-12-14T20:38:44.520Z [applicantRouter.js] error: UID: 7596bb26-ccc9-4e58-b5c0-8aba9e429e74  Error message: 404 Object Not Found
2022-12-14T20:38:48.160Z [applicantRouter.js] error: UID: 154bb891-17f8-4e41-9fcb-818784c6c64f  Error message: 404 Object Not Found
2022-12-14T20:38:48.940Z [applicantRouter.js] error: UID: 8b74f2c4-7150-4c8f-82c8-b5d8edcb43e5  Error message: 404 Object Not Found
2022-12-14T20:50:47.865Z [applicantRouter.js] error: UID: 419d692e-616c-48a1-a201-456fe9a308cc  Error message: 404 Object Not Found
2022-12-14T20:50:48.674Z [applicantRouter.js] error: UID: 3e8bfdb4-fecd-46d2-93b3-1db5ecac02c1  Error message: 404 Object Not Found
2022-12-14T20:54:13.021Z [applicantRouter.js] error: UID: c1df945d-85c5-4ba3-95bf-60e94f3163c7  Error message: 404 Object Not Found
2022-12-14T20:54:13.758Z [applicantRouter.js] error: UID: 984e7aea-d2ee-478e-9d64-44b5ed46e562  Error message: 404 Object Not Found
2022-12-14T20:56:24.410Z [applicantRouter.js] error: UID: 4055c5ec-02fb-4a06-9522-619bc41f6aee  Error message: 404 Object Not Found
2022-12-14T20:56:25.150Z [applicantRouter.js] error: UID: d72c69d8-0b61-4281-8006-1fbf76ac4fa7  Error message: 404 Object Not Found
2022-12-14T21:01:07.154Z [applicantRouter.js] error: UID: 38ae9f0c-c266-42f3-a7d2-69fb5f2c4607  Error message: 404 Object Not Found
2022-12-14T21:01:07.890Z [applicantRouter.js] error: UID: b5d3d843-38b4-4edf-8cf1-79e28d419c6b  Error message: 404 Object Not Found
2022-12-14T21:02:23.748Z [applicantRouter.js] error: UID: b8b0466d-4456-4892-8045-0f046406d33e  Error message: 404 Object Not Found
2022-12-14T21:02:24.500Z [applicantRouter.js] error: UID: 2bd18795-3ad3-4fa8-b15d-8914afd30873  Error message: 404 Object Not Found
2022-12-14T21:03:30.770Z [applicantRouter.js] error: UID: efab2ea9-1020-438b-b673-05fe78d554e3  Error message: 404 Object Not Found
2022-12-14T21:03:31.523Z [applicantRouter.js] error: UID: 6171dcce-b9cf-4052-9d16-201fb67d5cad  Error message: 404 Object Not Found
2022-12-14T21:03:55.285Z [applicantRouter.js] error: UID: 4915b476-2e5b-4047-bf42-9fb896ccdf7f  Error message: 404 Object Not Found
2022-12-14T21:03:56.030Z [applicantRouter.js] error: UID: b48bbbc5-cde4-4ade-852d-123647fa1ff6  Error message: 404 Object Not Found
2022-12-14T21:10:26.236Z [applicantRouter.js] error: UID: 33ab7551-1579-4bc1-91bd-a12c7bc6f3c7  Error message: 401 Access Denied
2022-12-14T21:10:27.317Z [applicantRouter.js] error: UID: a6bea330-1c78-425f-8f53-29882f3973fb  Error message: 401 Access Denied
2022-12-14T21:10:28.129Z [applicantRouter.js] error: UID: fce487fe-a0cb-4b8b-8d42-e576212827b0  Error message: 404 Object Not Found
2022-12-14T21:10:29.673Z [applicantRouter.js] error: UID: 62b8dc38-409b-4cc3-8ccc-7f0f1a1b2604  Error message: 401 Access Denied
2022-12-14T21:10:32.104Z [applicantRouter.js] error: UID: 3d08c11d-2b1f-4c45-8446-5732d6a3a1ca  Error message: 401 Access Denied
2022-12-14T21:10:32.963Z [applicantRouter.js] error: UID: d49c85b6-b117-4bf4-9b7c-bcac78917fdd  Error message: 404 Object Not Found
2022-12-14T21:10:34.168Z [applicantRouter.js] error: UID: ed132801-3fdc-486c-8319-bd4067d30dee  Error message: 401 Access Denied
2022-12-14T21:10:38.287Z [applicantRouter.js] error: UID: 174174e3-5930-41e0-859a-0d6827f53139  Error message: 401 Access Denied
2022-12-14T21:12:38.860Z [applicantRouter.js] error: UID: e7af7ec2-8f77-4b35-aa39-13c67ebad9bd  Error message: 404 Object Not Found
2022-12-14T21:12:47.191Z [applicantRouter.js] error: UID: f9437fbf-2d8a-4a2e-b3b7-261dc7b49284  Error message: 404 Object Not Found
2022-12-14T21:12:57.779Z [applicantRouter.js] error: UID: 4fe40df9-00e5-41fc-94c2-7c02bf513ad7  Error message: 404 Object Not Found
2022-12-14T21:14:05.162Z [applicantRouter.js] error: UID: fb944589-5363-42df-909c-fe8ff1353ed3  Error message: 404 Object Not Found
2022-12-14T21:18:46.509Z [applicantRouter.js] error: UID: 83741a2b-10c5-4f4c-81ee-2ad2bca29e59  Error message: 404 Object Not Found
2022-12-14T21:21:41.037Z [applicantRouter.js] error: UID: c07adc81-5a41-4239-b497-31e3d8e1c1a4  Error message: 404 Object Not Found
2022-12-14T21:21:41.773Z [applicantRouter.js] error: UID: b087c27c-fca5-466c-95b8-d6cd6d2de611  Error message: 404 Object Not Found
2022-12-14T21:22:53.692Z [applicantRouter.js] error: UID: 7032b181-7349-4585-86d0-e44172f0eef3  Error message: 404 Object Not Found
2022-12-14T21:22:54.429Z [applicantRouter.js] error: UID: a76447e8-0e1f-40b3-8557-f5ec7b2e1ac4  Error message: 404 Object Not Found
2022-12-14T21:23:06.770Z [applicantRouter.js] error: UID: 459c0f44-5c89-45d6-bda4-b48c09063106  Error message: 404 Object Not Found
2022-12-14T21:23:07.517Z [applicantRouter.js] error: UID: e5ea9b95-5809-47ec-b483-f60027997fc5  Error message: 404 Object Not Found
2022-12-14T21:24:16.416Z [applicantRouter.js] error: UID: a2afec7d-47db-4651-b422-cb1fa31c06cc  Error message: 401 Access Denied
2022-12-14T21:24:22.915Z [applicantRouter.js] error: UID: f42617ff-155d-4d3b-ae01-433138ec64c8  Error message: 404 Object Not Found
2022-12-14T21:24:23.649Z [applicantRouter.js] error: UID: b4d8a384-4535-414b-8e74-24c2115bd896  Error message: 404 Object Not Found
2022-12-14T21:39:09.149Z [applicantRouter.js] error: UID: b09098d5-2753-4288-98b0-5bee344f029c  Error message: 404 Object Not Found
2022-12-14T21:39:09.903Z [applicantRouter.js] error: UID: 2d48ec07-ecde-48fd-9a17-8b1717285a8f  Error message: 404 Object Not Found
2022-12-14T21:39:47.765Z [applicantRouter.js] error: UID: 94ace5ed-669a-4fb8-82de-0c2540bf9dad  Error message: 404 Object Not Found
2022-12-14T21:39:48.516Z [applicantRouter.js] error: UID: b7c44627-d2b5-4af8-ad09-f5b024664ef7  Error message: 404 Object Not Found
2022-12-14T21:41:53.017Z [applicantRouter.js] error: UID: 64bf7d23-2f6c-4c28-8b2d-ded5f4e72828  Error message: 404 Object Not Found
2022-12-14T21:41:53.782Z [applicantRouter.js] error: UID: ae11eb60-a015-43d4-983b-fddfdddc48a5  Error message: 404 Object Not Found
2022-12-14T21:43:56.168Z [applicantRouter.js] error: UID: 9f554a2e-706e-46f3-a06b-2fbcbb44101a  Error message: 404 Object Not Found
2022-12-14T21:43:56.886Z [applicantRouter.js] error: UID: a023de2a-9eb1-4e41-9844-f180ceb00eca  Error message: 404 Object Not Found
2022-12-14T21:53:50.160Z [applicantRouter.js] error: UID: 9fd1daa6-12a0-4e24-be07-1571cc268ad3  Error message: 404 Object Not Found
2022-12-14T21:53:50.918Z [applicantRouter.js] error: UID: e33d739f-3a63-472a-ac41-9c142ddf2bbc  Error message: 404 Object Not Found
2022-12-14T22:01:10.156Z [applicantRouter.js] error: UID: 0c2e1e32-b7d1-49a7-beb3-97712ed5b68e  Error message: 404 Object Not Found
2022-12-14T22:01:10.911Z [applicantRouter.js] error: UID: 138dec0a-de70-4120-b943-b98daa395ae9  Error message: 404 Object Not Found
2022-12-14T22:01:11.652Z [applicantRouter.js] error: UID: a79ae388-bd6f-4092-adaa-dc0c092d862c  Error message: 404 Object Not Found
2022-12-14T22:01:12.401Z [applicantRouter.js] error: UID: 108372d2-59ed-40f0-afc9-6940a471efe9  Error message: 404 Object Not Found
2022-12-14T22:01:13.149Z [applicantRouter.js] error: UID: 9e28f58f-8f54-43e4-8dd0-42b1e1e96988  Error message: 404 Object Not Found
2022-12-14T22:01:13.881Z [applicantRouter.js] error: UID: f72c6d67-f44a-455b-9a98-75ce957c0e98  Error message: 404 Object Not Found
2022-12-15T15:22:40.879Z [applicantRouter.js] error: UID: 64583221-6d7c-4e62-aa33-9f6297a83452  Error message: 404 Object Not Found
2022-12-15T15:22:41.880Z [applicantRouter.js] error: UID: 4540b1d3-a374-4b14-b73a-5c75f338bd62  Error message: 404 Object Not Found
2022-12-15T15:40:01.439Z [applicantRouter.js] error: UID: a9eb8e7e-a0b3-4eb0-96e3-7a8e3ca036e1  Error message: 401 Access Denied
2022-12-15T15:43:22.837Z [applicantRouter.js] error: UID: 9b12ef50-645e-416d-b129-74a30d1347fb  Error message: 404 Object Not Found
2022-12-15T15:43:23.564Z [applicantRouter.js] error: UID: cfb2122f-c7e7-433a-a0df-0b11be80ea6d  Error message: 404 Object Not Found
2022-12-15T16:05:04.698Z [applicantRouter.js] error: UID: 61201fdc-efdf-4050-b78b-912e8f0b0f73  Error message: 404 Object Not Found
2022-12-15T16:05:05.492Z [applicantRouter.js] error: UID: cae2abab-90d6-42b5-9ef7-e46b59e0b2c5  Error message: 404 Object Not Found
2022-12-15T16:07:33.077Z [applicantRouter.js] error: UID: 74bff95e-c7f4-4feb-a3c4-072703333f29  Error message: 404 Object Not Found
2022-12-15T16:07:33.827Z [applicantRouter.js] error: UID: 346a1383-5040-4411-8636-9394de5d16fe  Error message: 404 Object Not Found
2022-12-15T16:28:15.693Z [applicantRouter.js] error: UID: f6f149f1-2376-45c0-977c-a46c4f26795b  Error message: 404 Object Not Found
2022-12-15T16:28:16.426Z [applicantRouter.js] error: UID: 37fcf278-77fb-40a9-8711-e729fa95935d  Error message: 404 Object Not Found
2022-12-15T16:31:15.051Z [applicantRouter.js] error: UID: 96970dc0-0038-41b5-87e4-ed2fcd793ca1  Error message: 404 Object Not Found
2022-12-15T16:31:15.802Z [applicantRouter.js] error: UID: f7c54023-06f2-4644-bba6-e5c34f096538  Error message: 404 Object Not Found
2022-12-15T16:32:16.878Z [applicantRouter.js] error: UID: 9734dfa1-c300-4d1c-ba9e-18aa52323694  Error message: 404 Object Not Found
2022-12-15T16:32:17.612Z [applicantRouter.js] error: UID: b8dde9f4-ddc0-4fbf-8437-178be810ff5a  Error message: 404 Object Not Found
2022-12-15T16:32:41.306Z [applicantRouter.js] error: UID: b12d2200-0649-4a7c-a25d-d26782aa460e  Error message: 404 Object Not Found
2022-12-15T16:32:42.065Z [applicantRouter.js] error: UID: a5f63c87-fc68-4f0c-86d9-a9acad33ea79  Error message: 404 Object Not Found
2022-12-15T16:34:47.089Z [applicantRouter.js] error: UID: 37da3daf-9200-45c4-9c90-ec4e5d78d58a  Error message: 404 Object Not Found
2022-12-15T16:34:47.836Z [applicantRouter.js] error: UID: b9844733-ed11-4562-87c4-519d538a9f3c  Error message: 404 Object Not Found
2022-12-15T16:42:24.257Z [applicantRouter.js] error: UID: fa930de0-2a7c-4894-837c-74ce66eadc33  Error message: 404 Object Not Found
2022-12-15T16:42:25.023Z [applicantRouter.js] error: UID: 9b02d6e1-3171-46f4-91ca-174eaf9d30e0  Error message: 404 Object Not Found
2022-12-15T16:42:25.770Z [applicantRouter.js] error: UID: 7b8b9d50-5e2e-4956-883d-cefb35820cb1  Error message: 404 Object Not Found
2022-12-15T16:42:26.543Z [applicantRouter.js] error: UID: 6dccdf91-2063-49b3-9c92-0c07f2a125ac  Error message: 404 Object Not Found
2022-12-15T16:46:03.457Z [applicantRouter.js] error: UID: 65238ce1-f4cb-4892-aa96-ca154345b64f  Error message: 401 Access Denied
2022-12-15T16:46:12.085Z [applicantRouter.js] error: UID: e2eab377-19ef-46d8-b963-45226ffb29d1  Error message: 401 Access Denied
2022-12-15T16:46:48.535Z [applicantRouter.js] error: UID: 32de28c1-f031-4631-9c27-0218e7b2b18d  Error message: 401 Access Denied
2022-12-15T16:54:11.096Z [applicantRouter.js] error: UID: b5b91583-80de-4e4d-9a66-b6498de35d8a  Error message: 401 Access Denied
2022-12-15T17:37:21.409Z [applicantRouter.js] error: UID: c23c9ba8-8ce7-45e5-9922-65c75250bdeb  Error message: 401 Access Denied
2022-12-15T17:37:22.227Z [applicantRouter.js] error: UID: 761db431-59ad-47d1-ab18-b1f51617bd03  Error message: 401 Access Denied
2022-12-15T18:32:27.993Z [applicantRouter.js] error: UID: ba0c93e3-f7b8-436d-8367-fe6b4b412ec9  Error message: 401 Access Denied
2022-12-15T18:32:30.247Z [applicantRouter.js] error: UID: 5f899459-4bfa-4d60-9ac3-09e0d2734205  Error message: 401 Access Denied
2022-12-15T18:33:40.559Z [applicantRouter.js] error: UID: ed7de6cd-1900-4303-96c1-6437ac438dca  Error message: 401 Access Denied
2022-12-15T18:35:03.410Z [applicantRouter.js] error: UID: 57b0a100-f753-4af6-a583-4a0482fa3c29  Error message: 401 Access Denied
2022-12-15T18:38:15.404Z [applicantRouter.js] error: UID: 9b349f03-7839-49f7-8b4f-1ae000745cde  Error message: 401 Access Denied
2022-12-15T18:38:58.486Z [applicantRouter.js] error: UID: 52947b72-e0dd-4a2c-b7de-0ac23d4eb202  Error message: 401 Access Denied
2022-12-15T18:38:59.282Z [applicantRouter.js] error: UID: e52408a4-61ff-4dc1-ade5-752ede6d3172  Error message: 401 Access Denied
2022-12-15T18:39:03.449Z [applicantRouter.js] error: UID: 1262a4da-b435-41ae-879e-938df0075586  Error message: 401 Access Denied
2022-12-15T18:39:04.272Z [applicantRouter.js] error: UID: 12c5c47c-fa9d-4677-9f0d-9cf675e3afbf  Error message: 401 Access Denied
2022-12-15T18:39:05.131Z [applicantRouter.js] error: UID: a8799f9a-e60a-4c50-b469-c5f856742f16  Error message: 401 Access Denied
2022-12-15T18:39:21.073Z [applicantRouter.js] error: UID: 6235316e-0213-4a16-8740-04e79822f346  Error message: 401 Access Denied
2022-12-15T18:39:50.901Z [applicantRouter.js] error: UID: dd4e7428-b0a0-4e59-83e3-abf54448a508  Error message: 401 Access Denied
2022-12-20T18:13:11.563Z [applicationRouter.js] error: UID: ae93e350-7208-4ab7-a441-758d8b55bc4f  Error message: 404 Object Not Found
